<?xml version="1.0" encoding="UTF-8"?>
<!-- Generated by org.testng.reporters.JUnitXMLReporter -->
<testsuite hostname="EN2010231" ignored="4" name="Command line test" tests="2" failures="2" timestamp="2020-09-04T13:19:41 COT" time="0.041" errors="0">
  <testcase name="validateCheeseBorderOptionOnTraditionalCrust" time="0.001" classname="endtoend.TestCrustOptions">
    <failure type="java.lang.NullPointerException">
      <![CDATA[java.lang.NullPointerException
at endtoend.TestCrustOptions.validateCheeseBorderOptionOnTraditionalCrust(TestCrustOptions.java:12)
at java.util.ArrayList.forEach(ArrayList.java:1257)
... Removed 37 stack frames]]>
    </failure>
  </testcase> <!-- validateCheeseBorderOptionOnTraditionalCrust -->
  <testcase name="validateTotalPriceOnPizzaOptions" time="0.001" classname="endtoend.TestTotalPrices">
    <failure type="java.lang.NullPointerException">
      <![CDATA[java.lang.NullPointerException
at endtoend.TestTotalPrices.validateTotalPriceOnPizzaOptions(TestTotalPrices.java:13)
at java.util.ArrayList.forEach(ArrayList.java:1257)
... Removed 37 stack frames]]>
    </failure>
  </testcase> <!-- validateTotalPriceOnPizzaOptions -->
  <testcase name="@BeforeSuite previousSettings" time="0.0" classname="endtoend.TestBase">
    <ignored/>
  </testcase> <!-- @BeforeSuite previousSettings -->
  <testcase name="@BeforeSuite previousSettings" time="0.0" classname="endtoend.TestBase">
    <ignored/>
  </testcase> <!-- @BeforeSuite previousSettings -->
  <testcase name="@AfterSuite closeDriver" time="0.0" classname="endtoend.TestBase">
    <ignored/>
  </testcase> <!-- @AfterSuite closeDriver -->
  <testcase name="@AfterSuite closeDriver" time="0.0" classname="endtoend.TestBase">
    <ignored/>
  </testcase> <!-- @AfterSuite closeDriver -->
</testsuite> <!-- Command line test -->
